2025-09-20 11:02:54,309 - INFO - Added case: case_0001
2025-09-20 11:02:54,310 - INFO - Added case: case_0002
2025-09-20 11:02:54,310 - INFO - Added case: case_0003
2025-09-20 11:02:54,310 - INFO - Added case: case_0004
2025-09-20 11:02:54,310 - INFO - Added case: case_0005
2025-09-20 11:02:54,310 - INFO - Added case: case_0006
2025-09-20 11:02:54,310 - INFO - Added case: case_0007
2025-09-20 11:02:54,310 - INFO - Added case: case_0008
2025-09-20 11:02:54,310 - INFO - Added case: case_0009
2025-09-20 11:02:54,310 - INFO - Added case: case_0010
2025-09-20 11:02:54,310 - INFO - Added case: case_0011
2025-09-20 11:02:54,310 - INFO - Added case: case_0012
2025-09-20 11:02:54,310 - INFO - Added case: case_0013
2025-09-20 11:02:54,310 - INFO - Added case: case_0014
2025-09-20 11:02:54,310 - INFO - Added case: case_0015
2025-09-20 11:02:54,310 - INFO - Starting batch execution of 15 cases
2025-09-20 11:02:54,310 - INFO - Using 2 parallel workers
2025-09-20 11:02:54,318 - ERROR - Case case_0002 failed: FDTD binary not found: we-fdtd
2025-09-20 11:02:54,319 - ERROR - Case case_0001 failed: FDTD binary not found: we-fdtd
2025-09-20 11:02:54,319 - ERROR - Case case_0004 failed: FDTD binary not found: we-fdtd
2025-09-20 11:02:54,319 - ERROR - Case case_0003 failed: FDTD binary not found: we-fdtd
2025-09-20 11:02:54,320 - ERROR - Case case_0005 failed: FDTD binary not found: we-fdtd
2025-09-20 11:02:54,320 - ERROR - Case case_0006 failed: FDTD binary not found: we-fdtd
2025-09-20 11:02:54,320 - ERROR - Case case_0007 failed: FDTD binary not found: we-fdtd
2025-09-20 11:02:54,321 - ERROR - Case case_0008 failed: FDTD binary not found: we-fdtd
2025-09-20 11:02:54,321 - ERROR - Case case_0009 failed: FDTD binary not found: we-fdtd
2025-09-20 11:02:54,322 - ERROR - Case case_0010 failed: FDTD binary not found: we-fdtd
2025-09-20 11:02:54,322 - ERROR - Case case_0012 failed: FDTD binary not found: we-fdtd
2025-09-20 11:02:54,322 - ERROR - Case case_0011 failed: FDTD binary not found: we-fdtd
2025-09-20 11:02:54,322 - ERROR - Case case_0013 failed: FDTD binary not found: we-fdtd
2025-09-20 11:02:54,323 - ERROR - Case case_0014 failed: FDTD binary not found: we-fdtd
2025-09-20 11:02:54,323 - ERROR - Case case_0015 failed: FDTD binary not found: we-fdtd
2025-09-20 11:02:54,325 - INFO - Batch execution completed in 0.01 seconds
2025-09-20 11:02:54,325 - INFO - Successful: 0/15
2025-09-20 11:02:54,325 - INFO - Summary report written to: /tmp/test_outputs/batch_summary.json
